<?xml version="1.0" encoding="UTF-8"?>
<!-- Generated by org.testng.reporters.JUnitReportReporter -->
<testsuite hostname="DESKTOP-V8791KM" failures="0" tests="1" name="scripts.TestValidLogin" time="12.181" errors="0" timestamp="21 Feb 2018 05:44:44 GMT" skipped="0">
  <testcase classname="scripts.TestValidLogin" name="testValidLogin" time="12.181"/>
</testsuite> <!-- scripts.TestValidLogin -->
