<?xml version="1.0" encoding="UTF-8"?>
<!-- Generated by org.testng.reporters.JUnitReportReporter -->
<testsuite hostname="DESKTOP-V8791KM" failures="0" tests="1" name="generic.InvalidLogin" time="47.465" errors="0" timestamp="21 Feb 2018 05:43:39 GMT" skipped="0">
  <testcase classname="generic.InvalidLogin" name="testInvalidLogin" time="47.465"/>
</testsuite> <!-- generic.InvalidLogin -->
